<?xml version="1.0" encoding="UTF-8"?>
<!-- Generated by org.testng.reporters.JUnitReportReporter -->
<testsuite hostname="DESKTOP-7T2PED4" failures="0" tests="1" name="selenium_package.Selenium_work.TestId_1" time="9.399" errors="0" timestamp="2024-07-03T22:20:48 IST" skipped="0">
  <testcase classname="selenium_package.Selenium_work.TestId_1" name="Login_facebook_using_valid_credentials" time="9.399"/>
  <system-out/>
</testsuite> <!-- selenium_package.Selenium_work.TestId_1 -->
