<?xml version="1.0" encoding="UTF-8"?>
<!-- Generated by org.testng.reporters.JUnitReportReporter -->
<testsuite hostname="DESKTOP-7T2PED4" failures="0" tests="1" name="selenium_package.Selenium_work.Teastcase_01" time="32.247" errors="0" timestamp="2024-07-29T09:25:27 IST" skipped="0">
  <testcase classname="selenium_package.Selenium_work.Teastcase_01" name="amazon_login_page_using" time="32.247"/>
  <system-out/>
</testsuite> <!-- selenium_package.Selenium_work.Teastcase_01 -->
